0 info it worked if it ends with ok
1 verbose cli [ '/usr/local/bin/iojs', '/usr/local/bin/npm', 'publish' ]
2 info using npm@2.9.0
3 info using node@v2.0.0
4 verbose publish [ '.' ]
5 silly cache add args [ '.', null ]
6 verbose cache add spec .
7 silly cache add parsed spec { raw: '.',
7 silly cache add   scope: null,
7 silly cache add   name: null,
7 silly cache add   rawSpec: '.',
7 silly cache add   spec: '/home/thelinuxlich/vue-dashing-js',
7 silly cache add   type: 'directory' }
8 verbose addLocalDirectory /home/thelinuxlich/.npm/vue-dashing-js/0.1.11/package.tgz not in flight; packing
9 verbose tar pack [ '/home/thelinuxlich/.npm/vue-dashing-js/0.1.11/package.tgz',
9 verbose tar pack   '/home/thelinuxlich/vue-dashing-js' ]
10 verbose tarball /home/thelinuxlich/.npm/vue-dashing-js/0.1.11/package.tgz
11 verbose folder /home/thelinuxlich/vue-dashing-js
12 info prepublish vue-dashing-js@0.1.11
13 verbose addLocalTarball adding from inside cache /home/thelinuxlich/.npm/vue-dashing-js/0.1.11/package.tgz
14 silly cache afterAdd vue-dashing-js@0.1.11
15 verbose afterAdd /home/thelinuxlich/.npm/vue-dashing-js/0.1.11/package/package.json not in flight; writing
16 verbose afterAdd /home/thelinuxlich/.npm/vue-dashing-js/0.1.11/package/package.json written
17 silly publish { name: 'vue-dashing-js',
17 silly publish   description: 'A fork of nuvo-dashing-js that replaces Batman.js with Vue.js',
17 silly publish   author:
17 silly publish    { name: 'Fabio Caseri',
17 silly publish      email: 'fabio.caseri@gmail.com',
17 silly publish      url: 'http://www.fabiocaseri.com' },
17 silly publish   version: '0.1.11',
17 silly publish   license: 'MIT',
17 silly publish   dependencies:
17 silly publish    { async: '~1.2.0',
17 silly publish      'coffee-script': '~1.9.3',
17 silly publish      commander: '~2.8.1',
17 silly publish      consolidate: '~0.13.1',
17 silly publish      bluebird: '^2.9.27',
17 silly publish      ejs: '~0.8.3',
17 silly publish      express: '~4.12.4',
17 silly publish      'express-ejs-layouts': '~1.1.0',
17 silly publish      'fs-extra': '~0.18.4',
17 silly publish      jade: '~0.35.0',
17 silly publish      mincer: '~1.2.4',
17 silly publish      'node-sass': '~3.1.2',
17 silly publish      'node-schedule': '~0.2.8',
17 silly publish      prompt: '~0.2.14',
17 silly publish      request: '~2.57.0',
17 silly publish      unzip: '~0.1.11',
17 silly publish      walker: '~1.0.7',
17 silly publish      winston: '~1.0.0',
17 silly publish      morgan: '~1.5.3',
17 silly publish      errorhandler: '~1.3.6',
17 silly publish      compression: '~1.4.4',
17 silly publish      'body-parser': '~1.12.4',
17 silly publish      'method-override': '~2.3.3',
17 silly publish      'serve-static': '~1.9.3' },
17 silly publish   devDependencies: { ejs: '*', jade: '*', mocha: '*', should: '*' },
17 silly publish   keywords: [ 'dashing', 'dashboard', 'web' ],
17 silly publish   repository:
17 silly publish    { type: 'git',
17 silly publish      url: 'git://github.com/thelinuxlich/vue-dashing-js.git' },
17 silly publish   main: 'index',
17 silly publish   bin: { 'dashing-js': './bin/dashing-js' },
17 silly publish   scripts: { test: 'make test' },
17 silly publish   engine: 'node >= 0.10',
17 silly publish   gitHead: '82d67d3bf2d77f908d6b7f8b31ff598069e1e0a4',
17 silly publish   bugs: { url: 'https://github.com/thelinuxlich/vue-dashing-js/issues' },
17 silly publish   homepage: 'https://github.com/thelinuxlich/vue-dashing-js#readme',
17 silly publish   maintainers: [ { name: 'thelinuxlich', email: 'thelinuxlich@lauchlin.com' } ],
17 silly publish   readme: '# vue-dashing-js\n\nThis is a fork of [nuvo-dashing-js](https://github.com/lokulin/nuvo-dashing-js) replacing Batman.js with Vue.js\n\n## Getting Started\n\n1. Install from npm\n\n```shell\n$ npm install -g vue-dashing-js\n```\n\n2. Generate a new project\n\n```shell\n$ dashing-js new sweet_dashboard_project\n```\n\n3. Change your directory to sweet_dashboard_project and install required modules\n\n```shell\n$ cd sweet_dashboard_project && npm install\n```\n\n4. Start the server!\n\n```shell\n$ dashing-js start\n```\n\n5. Point your browser at http://localhost:3030/ and have fun!\n\n***\n\nEvery new Dashing project comes with sample widgets & sample dashboards for you to explore. The directory is setup as follows:\n\n* Assets — All your images, fonts, and js/coffeescript libraries. Uses <del>[Sprockets](https://github.com/sstephenson/sprockets)</del> [Mincer](http://nodeca.github.io/mincer/).\n* Dashboards — One .jade file for each dashboard that contains the layout for the widgets.\n* Jobs — Your js/coffee jobs for fetching data (e.g for calling third party APIs like twitter). Name them *\\*.job.js/\\*.job.coffee*\n* Lib — Optional js/coffee files to help out your jobs.\n* Public — Static files that you want to serve. A good place for a favicon or a custom 404 page.\n* Widgets — All the html/css/coffee for individual widgets.\n\nRun `dashing-js` from command line to find out what command line tools are available to you.\n\n## TODO\n\n* Implement all the basic widgets\n* Add a websocket option\n* Replace Mincer with something better\n* Refactoring\n\n',
17 silly publish   readmeFilename: 'README.md',
17 silly publish   _id: 'vue-dashing-js@0.1.11',
17 silly publish   _shasum: 'e14ac51e940f5cdb42d493e082957ed356759a10',
17 silly publish   _from: '.' }
18 verbose getPublishConfig undefined
19 silly mapToRegistry name vue-dashing-js
20 silly mapToRegistry using default registry
21 silly mapToRegistry registry https://registry.npmjs.org/
22 silly mapToRegistry uri https://registry.npmjs.org/vue-dashing-js
23 verbose publish registryBase https://registry.npmjs.org/
24 silly publish uploading /home/thelinuxlich/.npm/vue-dashing-js/0.1.11/package.tgz
25 verbose request uri https://registry.npmjs.org/vue-dashing-js
26 verbose request sending authorization for write operation
27 info attempt registry request try #1 at 02:52:41
28 verbose request using bearer token for auth
29 verbose request id 1d33a4b5bed34f6e
30 http request PUT https://registry.npmjs.org/vue-dashing-js
31 http 403 https://registry.npmjs.org/vue-dashing-js
32 verbose headers { 'content-type': 'application/json',
32 verbose headers   'cache-control': 'max-age=60',
32 verbose headers   'content-length': '96',
32 verbose headers   'accept-ranges': 'bytes',
32 verbose headers   date: 'Wed, 08 Jul 2015 05:52:56 GMT',
32 verbose headers   via: '1.1 varnish',
32 verbose headers   connection: 'keep-alive',
32 verbose headers   'x-served-by': 'cache-atl6229-ATL',
32 verbose headers   'x-cache': 'MISS',
32 verbose headers   'x-cache-hits': '0',
32 verbose headers   'x-timer': 'S1436334766.063745,VS0,VE10199' }
33 verbose request invalidating /home/thelinuxlich/.npm/registry.npmjs.org/vue-dashing-js on PUT
34 error publish Failed PUT 403
35 verbose stack Error: "You cannot publish over the previously published version 0.1.11." : vue-dashing-js
35 verbose stack     at CachingRegistryClient.<anonymous> (/usr/local/lib/node_modules/npm/node_modules/npm-registry-client/lib/request.js:247:14)
35 verbose stack     at Request._callback (/usr/local/lib/node_modules/npm/node_modules/npm-registry-client/lib/request.js:170:14)
35 verbose stack     at Request.self.callback (/usr/local/lib/node_modules/npm/node_modules/request/request.js:368:22)
35 verbose stack     at emitTwo (events.js:87:13)
35 verbose stack     at Request.emit (events.js:169:7)
35 verbose stack     at Request.<anonymous> (/usr/local/lib/node_modules/npm/node_modules/request/request.js:1219:14)
35 verbose stack     at emitOne (events.js:82:20)
35 verbose stack     at Request.emit (events.js:166:7)
35 verbose stack     at IncomingMessage.<anonymous> (/usr/local/lib/node_modules/npm/node_modules/request/request.js:1167:12)
35 verbose stack     at emitNone (events.js:72:20)
36 verbose statusCode 403
37 verbose pkgid vue-dashing-js
38 verbose cwd /home/thelinuxlich/vue-dashing-js
39 error Linux 4.0.6-1-ARCH
40 error argv "/usr/local/bin/iojs" "/usr/local/bin/npm" "publish"
41 error node v2.0.0
42 error npm  v2.9.0
43 error code E403
44 error "You cannot publish over the previously published version 0.1.11." : vue-dashing-js
45 error If you need help, you may report this error at:
45 error     <https://github.com/npm/npm/issues>
46 verbose exit [ 1, true ]
